Info: Starting: Create block symbol file (.bsf)
Info: ip-generate --project-directory=C:/Users/innovlab/workspace/EyeSat_CMOS_Image_Sensor/FPGA_Program/de2_cyclone2/nios/ --output-directory=C:/Users/innovlab/workspace/EyeSat_CMOS_Image_Sensor/FPGA_Program/de2_cyclone2/nios/nios/ --report-file=bsf:C:/Users/innovlab/workspace/EyeSat_CMOS_Image_Sensor/FPGA_Program/de2_cyclone2/nios/nios.bsf --system-info=DEVICE_FAMILY="Cyclone II" --system-info=DEVICE=EP2C35F672C6 --system-info=DEVICE_SPEEDGRADE=6 --component-file=C:/Users/innovlab/workspace/EyeSat_CMOS_Image_Sensor/FPGA_Program/de2_cyclone2/nios/nios.qsys
Progress: Loading nios/nios.qsys
Progress: Reading input file
Progress: Adding clk [clock_source 13.0]
Progress: Parameterizing module clk
Progress: Adding data_ctr [altera_avalon_pio 13.0.1.99.2]
Progress: Parameterizing module data_ctr
Progress: Adding data_ch1 [altera_avalon_pio 13.0.1.99.2]
Progress: Parameterizing module data_ch1
Progress: Adding data_ch9 [altera_avalon_pio 13.0.1.99.2]
Progress: Parameterizing module data_ch9
Progress: Adding CPU [altera_nios2_qsys 13.0]
Progress: Parameterizing module CPU
Progress: Adding data_clk [altera_avalon_pio 13.0.1.99.2]
Progress: Parameterizing module data_clk
Progress: Adding onchip_memory [altera_avalon_onchip_memory2 13.0.1.99.2]
Progress: Parameterizing module onchip_memory
Progress: Adding jtag_uart [altera_avalon_jtag_uart 13.0.1.99.2]
Progress: Parameterizing module jtag_uart
Progress: Adding uart [altera_avalon_uart 13.0.1.99.2]
Progress: Parameterizing module uart
Progress: Building connections
Progress: Parameterizing connections
Progress: Validating
Progress: Done reading input file
Info: ip-generate succeeded.
Info: Finished: Create block symbol file (.bsf)
Info: 
Info: Starting: Create HDL design files for synthesis
Info: ip-generate --project-directory=C:/Users/innovlab/workspace/EyeSat_CMOS_Image_Sensor/FPGA_Program/de2_cyclone2/nios/ --output-directory=C:/Users/innovlab/workspace/EyeSat_CMOS_Image_Sensor/FPGA_Program/de2_cyclone2/nios/nios/synthesis/ --file-set=QUARTUS_SYNTH --report-file=sopcinfo:C:/Users/innovlab/workspace/EyeSat_CMOS_Image_Sensor/FPGA_Program/de2_cyclone2/nios/nios.sopcinfo --report-file=html:C:/Users/innovlab/workspace/EyeSat_CMOS_Image_Sensor/FPGA_Program/de2_cyclone2/nios/nios.html --report-file=qip:C:/Users/innovlab/workspace/EyeSat_CMOS_Image_Sensor/FPGA_Program/de2_cyclone2/nios/nios/synthesis/nios.qip --report-file=cmp:C:/Users/innovlab/workspace/EyeSat_CMOS_Image_Sensor/FPGA_Program/de2_cyclone2/nios/nios.cmp --report-file=svd --system-info=DEVICE_FAMILY="Cyclone II" --system-info=DEVICE=EP2C35F672C6 --system-info=DEVICE_SPEEDGRADE=6 --component-file=C:/Users/innovlab/workspace/EyeSat_CMOS_Image_Sensor/FPGA_Program/de2_cyclone2/nios/nios.qsys --language=VHDL
Progress: Loading nios/nios.qsys
Progress: Reading input file
Progress: Adding clk [clock_source 13.0]
Progress: Parameterizing module clk
Progress: Adding data_ctr [altera_avalon_pio 13.0.1.99.2]
Progress: Parameterizing module data_ctr
Progress: Adding data_ch1 [altera_avalon_pio 13.0.1.99.2]
Progress: Parameterizing module data_ch1
Progress: Adding data_ch9 [altera_avalon_pio 13.0.1.99.2]
Progress: Parameterizing module data_ch9
Progress: Adding CPU [altera_nios2_qsys 13.0]
Progress: Parameterizing module CPU
Progress: Adding data_clk [altera_avalon_pio 13.0.1.99.2]
Progress: Parameterizing module data_clk
Progress: Adding onchip_memory [altera_avalon_onchip_memory2 13.0.1.99.2]
Progress: Parameterizing module onchip_memory
Progress: Adding jtag_uart [altera_avalon_jtag_uart 13.0.1.99.2]
Progress: Parameterizing module jtag_uart
Progress: Adding uart [altera_avalon_uart 13.0.1.99.2]
Progress: Parameterizing module uart
Progress: Building connections
Progress: Parameterizing connections
Progress: Validating
Progress: Done reading input file
Info: nios: Generating nios "nios" for QUARTUS_SYNTH
Info: pipeline_bridge_swap_transform: After transform: 8 modules, 32 connections
Info: No custom instruction connections, skipping transform 
Info: merlin_translator_transform: After transform: 17 modules, 68 connections
Info: merlin_domain_transform: After transform: 34 modules, 182 connections
Info: merlin_router_transform: After transform: 43 modules, 218 connections
Info: reset_adaptation_transform: After transform: 44 modules, 171 connections
Info: merlin_network_to_switch_transform: After transform: 61 modules, 207 connections
Info: merlin_mm_transform: After transform: 61 modules, 207 connections
Info: merlin_interrupt_mapper_transform: After transform: 62 modules, 210 connections
Warning: nios: "No matching role found for rst_controller:reset_out:reset_req (reset_req)"
Warning: nios: "No matching role found for rst_controller:reset_out:reset_req (reset_req)"
Warning: nios: "No matching role found for rst_controller:reset_out:reset_req (reset_req)"
Warning: nios: "No matching role found for rst_controller:reset_out:reset_req (reset_req)"
Warning: nios: "No matching role found for rst_controller:reset_out:reset_req (reset_req)"
Warning: nios: "No matching role found for rst_controller:reset_out:reset_req (reset_req)"
Warning: nios: "No matching role found for rst_controller:reset_out:reset_req (reset_req)"
Warning: nios: "No matching role found for rst_controller:reset_out:reset_req (reset_req)"
Warning: nios: "No matching role found for rst_controller:reset_out:reset_req (reset_req)"
Warning: nios: "No matching role found for rst_controller:reset_out:reset_req (reset_req)"
Warning: nios: "No matching role found for rst_controller:reset_out:reset_req (reset_req)"
Warning: nios: "No matching role found for rst_controller:reset_out:reset_req (reset_req)"
Warning: nios: "No matching role found for rst_controller:reset_out:reset_req (reset_req)"
Warning: nios: "No matching role found for rst_controller:reset_out:reset_req (reset_req)"
Warning: nios: "No matching role found for rst_controller:reset_out:reset_req (reset_req)"
Warning: nios: "No matching role found for rst_controller:reset_out:reset_req (reset_req)"
Warning: nios: "No matching role found for rst_controller:reset_out:reset_req (reset_req)"
Warning: nios: "No matching role found for rst_controller:reset_out:reset_req (reset_req)"
Warning: nios: "No matching role found for rst_controller:reset_out:reset_req (reset_req)"
Warning: nios: "No matching role found for rst_controller:reset_out:reset_req (reset_req)"
Warning: nios: "No matching role found for rst_controller:reset_out:reset_req (reset_req)"
Warning: nios: "No matching role found for rst_controller:reset_out:reset_req (reset_req)"
Warning: nios: "No matching role found for rst_controller:reset_out:reset_req (reset_req)"
Warning: nios: "No matching role found for rst_controller:reset_out:reset_req (reset_req)"
Warning: nios: "No matching role found for rst_controller:reset_out:reset_req (reset_req)"
Warning: nios: "No matching role found for rst_controller:reset_out:reset_req (reset_req)"
Warning: nios: "No matching role found for rst_controller:reset_out:reset_req (reset_req)"
Warning: nios: "No matching role found for rst_controller:reset_out:reset_req (reset_req)"
Warning: nios: "No matching role found for rst_controller:reset_out:reset_req (reset_req)"
Warning: nios: "No matching role found for rst_controller:reset_out:reset_req (reset_req)"
Warning: nios: "No matching role found for rst_controller:reset_out:reset_req (reset_req)"
Warning: nios: "No matching role found for rst_controller:reset_out:reset_req (reset_req)"
Warning: nios: "No matching role found for rst_controller:reset_out:reset_req (reset_req)"
Warning: nios: "No matching role found for rst_controller:reset_out:reset_req (reset_req)"
Warning: nios: "No matching role found for rst_controller:reset_out:reset_req (reset_req)"
Warning: nios: "No matching role found for rst_controller:reset_out:reset_req (reset_req)"
Warning: nios: "No matching role found for rst_controller:reset_out:reset_req (reset_req)"
Warning: nios: "No matching role found for rst_controller:reset_out:reset_req (reset_req)"
Warning: nios: "No matching role found for rst_controller:reset_out:reset_req (reset_req)"
Warning: nios: "No matching role found for rst_controller:reset_out:reset_req (reset_req)"
Warning: nios: "No matching role found for rst_controller:reset_out:reset_req (reset_req)"
Warning: nios: "No matching role found for rst_controller:reset_out:reset_req (reset_req)"
Warning: nios: "No matching role found for rst_controller:reset_out:reset_req (reset_req)"
Warning: nios: "No matching role found for rst_controller:reset_out:reset_req (reset_req)"
Warning: nios: "No matching role found for rst_controller:reset_out:reset_req (reset_req)"
Warning: nios: "No matching role found for rst_controller:reset_out:reset_req (reset_req)"
Warning: nios: "No matching role found for rst_controller:reset_out:reset_req (reset_req)"
Warning: nios: "No matching role found for rst_controller:reset_out:reset_req (reset_req)"
Warning: nios: "No matching role found for rst_controller:reset_out:reset_req (reset_req)"
Warning: nios: "No matching role found for rst_controller:reset_out:reset_req (reset_req)"
Warning: nios: "No matching role found for rst_controller:reset_out:reset_req (reset_req)"
Warning: nios: "No matching role found for rst_controller:reset_out:reset_req (reset_req)"
Warning: nios: "No matching role found for rst_controller:reset_out:reset_req (reset_req)"
Warning: nios: "No matching role found for rst_controller:reset_out:reset_req (reset_req)"
Warning: nios: "No matching role found for rst_controller:reset_out:reset_req (reset_req)"
Warning: nios: "No matching role found for rst_controller:reset_out:reset_req (reset_req)"
Warning: nios: "No matching role found for rst_controller:reset_out:reset_req (reset_req)"
Warning: nios: "No matching role found for rst_controller:reset_out:reset_req (reset_req)"
Warning: nios: "No matching role found for rst_controller:reset_out:reset_req (reset_req)"
Info: data_ctr: Starting RTL generation for module 'nios_data_ctr'
Info: data_ctr:   Generation command is [exec C:/logicielge1/altera/13.0sp1/quartus/bin/perl/bin/perl.exe -I C:/logicielge1/altera/13.0sp1/quartus/common/ip/altera/common/perl/5.8.3 -I C:/logicielge1/altera/13.0sp1/quartus/sopc_builder/bin/europa -I C:/logicielge1/altera/13.0sp1/quartus/sopc_builder/bin/perl_lib -I C:/logicielge1/altera/13.0sp1/quartus/sopc_builder/bin -I C:/logicielge1/altera/13.0sp1/quartus/../ip/altera/sopc_builder_ip/common -I C:/logicielge1/altera/13.0sp1/quartus/../ip/altera/sopc_builder_ip/altera_avalon_pio -- C:/logicielge1/altera/13.0sp1/quartus/../ip/altera/sopc_builder_ip/altera_avalon_pio/generate_rtl.pl --name=nios_data_ctr --dir=C:/Users/innovlab/AppData/Local/Temp/alt6954_2927087749213311043.dir/0023_data_ctr_gen/ --quartus_dir=C:/logicielge1/altera/13.0sp1/quartus --verilog --config=C:/Users/innovlab/AppData/Local/Temp/alt6954_2927087749213311043.dir/0023_data_ctr_gen//nios_data_ctr_component_configuration.pl  --do_build_sim=0  ]
Info: data_ctr: Done RTL generation for module 'nios_data_ctr'
Info: data_ctr: "nios" instantiated altera_avalon_pio "data_ctr"
Info: CPU: Starting RTL generation for module 'nios_CPU'
Info: CPU:   Generation command is [exec C:/logicielge1/altera/13.0sp1/quartus/../ip/altera/nios2_ip/altera_nios2/eperl.exe -I C:/logicielge1/altera/13.0sp1/quartus/common/ip/altera/common/perl/5.8.3 -I C:/logicielge1/altera/13.0sp1/quartus/sopc_builder/bin/europa -I C:/logicielge1/altera/13.0sp1/quartus/sopc_builder/bin/perl_lib -I C:/logicielge1/altera/13.0sp1/quartus/sopc_builder/bin -I C:/logicielge1/altera/13.0sp1/quartus/../ip/altera/nios2_ip/altera_nios2/cpu_lib -I C:/logicielge1/altera/13.0sp1/quartus/../ip/altera/nios2_ip/altera_nios2/nios_lib -I C:/logicielge1/altera/13.0sp1/quartus/../ip/altera/nios2_ip/altera_nios2 -I C:/logicielge1/altera/13.0sp1/quartus/../ip/altera/nios2_ip/altera_nios2 -- C:/logicielge1/altera/13.0sp1/quartus/../ip/altera/nios2_ip/altera_nios2/generate_rtl.epl --name=nios_CPU --dir=C:/Users/innovlab/AppData/Local/Temp/alt6954_2927087749213311043.dir/0024_CPU_gen/ --quartus_dir=C:/logicielge1/altera/13.0sp1/quartus --verilog --config=C:/Users/innovlab/AppData/Local/Temp/alt6954_2927087749213311043.dir/0024_CPU_gen//nios_CPU_processor_configuration.pl  --do_build_sim=0    --bogus  ]
Info: CPU: # 2016.06.02 13:40:14 (*) Starting Nios II generation
Info: CPU: # 2016.06.02 13:40:14 (*)   Checking for plaintext license.
Info: CPU: # 2016.06.02 13:40:48 (*)   Plaintext license not found.
Info: CPU: # 2016.06.02 13:40:48 (*)   No license required to generate encrypted Nios II/e.
Info: CPU: # 2016.06.02 13:40:48 (*)   Elaborating CPU configuration settings
Info: CPU: # 2016.06.02 13:40:49 (*)   Creating all objects for CPU
Info: CPU: # 2016.06.02 13:40:51 (*)   Generating RTL from CPU objects
Info: CPU: # 2016.06.02 13:40:51 (*)   Creating plain-text RTL
Info: CPU: # 2016.06.02 13:40:55 (*) Done Nios II generation
Info: CPU: Done RTL generation for module 'nios_CPU'
Info: CPU: "nios" instantiated altera_nios2_qsys "CPU"
Error: Generation stopped, 59 or more modules remaining
Info: nios: Done nios" with 23 modules, 21 files, 752912 bytes
Error: ip-generate failed with exit code 1: 1 Error, 59 Warnings
Info: Stopping: Create HDL design files for synthesis
