Flow report for de0_cyclone3
Tue Jun 07 16:57:23 2016
Quartus II 64-Bit Version 13.0.1 Build 232 06/12/2013 Service Pack 1 SJ Full Version


---------------------
; Table of Contents ;
---------------------
  1. Legal Notice
  2. Flow Summary
  3. Flow Settings
  4. Flow Non-Default Global Settings
  5. Flow Elapsed Time
  6. Flow OS Summary
  7. Flow Log
  8. Flow Messages
  9. Flow Suppressed Messages



----------------
; Legal Notice ;
----------------
Copyright (C) 1991-2013 Altera Corporation
Your use of Altera Corporation's design tools, logic functions 
and other software and tools, and its AMPP partner logic 
functions, and any output files from any of the foregoing 
(including device programming or simulation files), and any 
associated documentation or information are expressly subject 
to the terms and conditions of the Altera Program License 
Subscription Agreement, Altera MegaCore Function License 
Agreement, or other applicable license agreement, including, 
without limitation, that your use is for the sole purpose of 
programming logic devices manufactured by Altera and sold by 
Altera or its authorized distributors.  Please refer to the 
applicable agreement for further details.



+---------------------------------------------------------------------------------------+
; Flow Summary                                                                          ;
+------------------------------------+--------------------------------------------------+
; Flow Status                        ; Successful - Tue Jun 07 16:56:48 2016            ;
; Quartus II 64-Bit Version          ; 13.0.1 Build 232 06/12/2013 SP 1 SJ Full Version ;
; Revision Name                      ; de0_cyclone3                                     ;
; Top-level Entity Name              ; de0_cyclone3                                     ;
; Family                             ; Cyclone III                                      ;
; Device                             ; EP3C16F484C6                                     ;
; Timing Models                      ; Final                                            ;
; Total logic elements               ; 2,917 / 15,408 ( 19 % )                          ;
;     Total combinational functions  ; 2,508 / 15,408 ( 16 % )                          ;
;     Dedicated logic registers      ; 1,875 / 15,408 ( 12 % )                          ;
; Total registers                    ; 1943                                             ;
; Total pins                         ; 54 / 347 ( 16 % )                                ;
; Total virtual pins                 ; 0                                                ;
; Total memory bits                  ; 44,032 / 516,096 ( 9 % )                         ;
; Embedded Multiplier 9-bit elements ; 0 / 112 ( 0 % )                                  ;
; Total PLLs                         ; 2 / 4 ( 50 % )                                   ;
+------------------------------------+--------------------------------------------------+


+-----------------------------------------+
; Flow Settings                           ;
+-------------------+---------------------+
; Option            ; Setting             ;
+-------------------+---------------------+
; Start date & time ; 06/07/2016 16:54:30 ;
; Main task         ; Compilation         ;
; Revision Name     ; de0_cyclone3        ;
+-------------------+---------------------+


+-------------------------------------------------------------------------------------------------------------------------------------------------------------+
; Flow Non-Default Global Settings                                                                                                                            ;
+-------------------------------------+--------------------------------------------------------+---------------+---------------------------------+------------+
; Assignment Name                     ; Value                                                  ; Default Value ; Entity Name                     ; Section Id ;
+-------------------------------------+--------------------------------------------------------+---------------+---------------------------------+------------+
; COMPILER_SIGNATURE_ID               ; 160601840638.146531127002716                           ; --            ; --                              ; --         ;
; IP_TOOL_ENV                         ; Qsys                                                   ; --            ; altera_avalon_sc_fifo           ; --         ;
; IP_TOOL_ENV                         ; Qsys                                                   ; --            ; altera_merlin_burst_adapter     ; --         ;
; IP_TOOL_ENV                         ; Qsys                                                   ; --            ; altera_merlin_master_agent      ; --         ;
; IP_TOOL_ENV                         ; Qsys                                                   ; --            ; altera_merlin_master_translator ; --         ;
; IP_TOOL_ENV                         ; Qsys                                                   ; --            ; altera_merlin_slave_agent       ; --         ;
; IP_TOOL_ENV                         ; Qsys                                                   ; --            ; altera_merlin_slave_translator  ; --         ;
; IP_TOOL_ENV                         ; Qsys                                                   ; --            ; altera_merlin_width_adapter     ; --         ;
; IP_TOOL_ENV                         ; Qsys                                                   ; --            ; altera_reset_controller         ; --         ;
; IP_TOOL_ENV                         ; Qsys                                                   ; --            ; nios                            ; --         ;
; IP_TOOL_ENV                         ; Qsys                                                   ; --            ; nios_CPU                        ; --         ;
; IP_TOOL_ENV                         ; Qsys                                                   ; --            ; nios_addr_router                ; --         ;
; IP_TOOL_ENV                         ; Qsys                                                   ; --            ; nios_addr_router_001            ; --         ;
; IP_TOOL_ENV                         ; Qsys                                                   ; --            ; nios_cmd_xbar_demux             ; --         ;
; IP_TOOL_ENV                         ; Qsys                                                   ; --            ; nios_cmd_xbar_demux_001         ; --         ;
; IP_TOOL_ENV                         ; Qsys                                                   ; --            ; nios_cmd_xbar_mux               ; --         ;
; IP_TOOL_ENV                         ; Qsys                                                   ; --            ; nios_data_clk                   ; --         ;
; IP_TOOL_ENV                         ; Qsys                                                   ; --            ; nios_data_ctr                   ; --         ;
; IP_TOOL_ENV                         ; Qsys                                                   ; --            ; nios_id_router                  ; --         ;
; IP_TOOL_ENV                         ; Qsys                                                   ; --            ; nios_id_router_002              ; --         ;
; IP_TOOL_ENV                         ; Qsys                                                   ; --            ; nios_id_router_009              ; --         ;
; IP_TOOL_ENV                         ; Qsys                                                   ; --            ; nios_irq_mapper                 ; --         ;
; IP_TOOL_ENV                         ; Qsys                                                   ; --            ; nios_jtag_uart                  ; --         ;
; IP_TOOL_ENV                         ; Qsys                                                   ; --            ; nios_onchip_memory              ; --         ;
; IP_TOOL_ENV                         ; Qsys                                                   ; --            ; nios_rsp_xbar_demux_002         ; --         ;
; IP_TOOL_ENV                         ; Qsys                                                   ; --            ; nios_rsp_xbar_mux               ; --         ;
; IP_TOOL_ENV                         ; Qsys                                                   ; --            ; nios_rsp_xbar_mux_001           ; --         ;
; IP_TOOL_ENV                         ; Qsys                                                   ; --            ; nios_sdram_controller           ; --         ;
; IP_TOOL_ENV                         ; Qsys                                                   ; --            ; nios_spi                        ; --         ;
; IP_TOOL_ENV                         ; Qsys                                                   ; --            ; nios_uart                       ; --         ;
; IP_TOOL_NAME                        ; ALTPLL                                                 ; --            ; --                              ; --         ;
; IP_TOOL_NAME                        ; ALTLVDS_RX                                             ; --            ; --                              ; --         ;
; IP_TOOL_NAME                        ; altera_avalon_sc_fifo                                  ; --            ; altera_avalon_sc_fifo           ; --         ;
; IP_TOOL_NAME                        ; altera_merlin_burst_adapter                            ; --            ; altera_merlin_burst_adapter     ; --         ;
; IP_TOOL_NAME                        ; altera_merlin_master_agent                             ; --            ; altera_merlin_master_agent      ; --         ;
; IP_TOOL_NAME                        ; altera_merlin_master_translator                        ; --            ; altera_merlin_master_translator ; --         ;
; IP_TOOL_NAME                        ; altera_merlin_slave_agent                              ; --            ; altera_merlin_slave_agent       ; --         ;
; IP_TOOL_NAME                        ; altera_merlin_slave_translator                         ; --            ; altera_merlin_slave_translator  ; --         ;
; IP_TOOL_NAME                        ; altera_merlin_width_adapter                            ; --            ; altera_merlin_width_adapter     ; --         ;
; IP_TOOL_NAME                        ; altera_reset_controller                                ; --            ; altera_reset_controller         ; --         ;
; IP_TOOL_NAME                        ; Qsys                                                   ; --            ; nios                            ; --         ;
; IP_TOOL_NAME                        ; altera_nios2_qsys                                      ; --            ; nios_CPU                        ; --         ;
; IP_TOOL_NAME                        ; altera_merlin_router                                   ; --            ; nios_addr_router                ; --         ;
; IP_TOOL_NAME                        ; altera_merlin_router                                   ; --            ; nios_addr_router_001            ; --         ;
; IP_TOOL_NAME                        ; altera_merlin_demultiplexer                            ; --            ; nios_cmd_xbar_demux             ; --         ;
; IP_TOOL_NAME                        ; altera_merlin_demultiplexer                            ; --            ; nios_cmd_xbar_demux_001         ; --         ;
; IP_TOOL_NAME                        ; altera_merlin_multiplexer                              ; --            ; nios_cmd_xbar_mux               ; --         ;
; IP_TOOL_NAME                        ; altera_avalon_pio                                      ; --            ; nios_data_clk                   ; --         ;
; IP_TOOL_NAME                        ; altera_avalon_pio                                      ; --            ; nios_data_ctr                   ; --         ;
; IP_TOOL_NAME                        ; altera_merlin_router                                   ; --            ; nios_id_router                  ; --         ;
; IP_TOOL_NAME                        ; altera_merlin_router                                   ; --            ; nios_id_router_002              ; --         ;
; IP_TOOL_NAME                        ; altera_merlin_router                                   ; --            ; nios_id_router_009              ; --         ;
; IP_TOOL_NAME                        ; altera_irq_mapper                                      ; --            ; nios_irq_mapper                 ; --         ;
; IP_TOOL_NAME                        ; altera_avalon_jtag_uart                                ; --            ; nios_jtag_uart                  ; --         ;
; IP_TOOL_NAME                        ; altera_avalon_onchip_memory2                           ; --            ; nios_onchip_memory              ; --         ;
; IP_TOOL_NAME                        ; altera_merlin_demultiplexer                            ; --            ; nios_rsp_xbar_demux_002         ; --         ;
; IP_TOOL_NAME                        ; altera_merlin_multiplexer                              ; --            ; nios_rsp_xbar_mux               ; --         ;
; IP_TOOL_NAME                        ; altera_merlin_multiplexer                              ; --            ; nios_rsp_xbar_mux_001           ; --         ;
; IP_TOOL_NAME                        ; altera_avalon_new_sdram_controller                     ; --            ; nios_sdram_controller           ; --         ;
; IP_TOOL_NAME                        ; altera_avalon_spi                                      ; --            ; nios_spi                        ; --         ;
; IP_TOOL_NAME                        ; altera_avalon_uart                                     ; --            ; nios_uart                       ; --         ;
; IP_TOOL_VERSION                     ; 13.0                                                   ; --            ; --                              ; --         ;
; IP_TOOL_VERSION                     ; 13.0                                                   ; --            ; --                              ; --         ;
; IP_TOOL_VERSION                     ; 13.0                                                   ; --            ; altera_avalon_sc_fifo           ; --         ;
; IP_TOOL_VERSION                     ; 13.0                                                   ; --            ; altera_merlin_burst_adapter     ; --         ;
; IP_TOOL_VERSION                     ; 13.0                                                   ; --            ; altera_merlin_master_agent      ; --         ;
; IP_TOOL_VERSION                     ; 13.0                                                   ; --            ; altera_merlin_master_translator ; --         ;
; IP_TOOL_VERSION                     ; 13.0                                                   ; --            ; altera_merlin_slave_agent       ; --         ;
; IP_TOOL_VERSION                     ; 13.0                                                   ; --            ; altera_merlin_slave_translator  ; --         ;
; IP_TOOL_VERSION                     ; 13.0                                                   ; --            ; altera_merlin_width_adapter     ; --         ;
; IP_TOOL_VERSION                     ; 13.0                                                   ; --            ; altera_reset_controller         ; --         ;
; IP_TOOL_VERSION                     ; 13.0sp1                                                ; --            ; nios                            ; --         ;
; IP_TOOL_VERSION                     ; 13.0                                                   ; --            ; nios_CPU                        ; --         ;
; IP_TOOL_VERSION                     ; 13.0                                                   ; --            ; nios_addr_router                ; --         ;
; IP_TOOL_VERSION                     ; 13.0                                                   ; --            ; nios_addr_router_001            ; --         ;
; IP_TOOL_VERSION                     ; 13.0                                                   ; --            ; nios_cmd_xbar_demux             ; --         ;
; IP_TOOL_VERSION                     ; 13.0                                                   ; --            ; nios_cmd_xbar_demux_001         ; --         ;
; IP_TOOL_VERSION                     ; 13.0                                                   ; --            ; nios_cmd_xbar_mux               ; --         ;
; IP_TOOL_VERSION                     ; 13.0.1.99.2                                            ; --            ; nios_data_clk                   ; --         ;
; IP_TOOL_VERSION                     ; 13.0.1.99.2                                            ; --            ; nios_data_ctr                   ; --         ;
; IP_TOOL_VERSION                     ; 13.0                                                   ; --            ; nios_id_router                  ; --         ;
; IP_TOOL_VERSION                     ; 13.0                                                   ; --            ; nios_id_router_002              ; --         ;
; IP_TOOL_VERSION                     ; 13.0                                                   ; --            ; nios_id_router_009              ; --         ;
; IP_TOOL_VERSION                     ; 13.0                                                   ; --            ; nios_irq_mapper                 ; --         ;
; IP_TOOL_VERSION                     ; 13.0.1.99.2                                            ; --            ; nios_jtag_uart                  ; --         ;
; IP_TOOL_VERSION                     ; 13.0.1.99.2                                            ; --            ; nios_onchip_memory              ; --         ;
; IP_TOOL_VERSION                     ; 13.0                                                   ; --            ; nios_rsp_xbar_demux_002         ; --         ;
; IP_TOOL_VERSION                     ; 13.0                                                   ; --            ; nios_rsp_xbar_mux               ; --         ;
; IP_TOOL_VERSION                     ; 13.0                                                   ; --            ; nios_rsp_xbar_mux_001           ; --         ;
; IP_TOOL_VERSION                     ; 13.0.1.99.2                                            ; --            ; nios_sdram_controller           ; --         ;
; IP_TOOL_VERSION                     ; 13.0.1.99.2                                            ; --            ; nios_spi                        ; --         ;
; IP_TOOL_VERSION                     ; 13.0.1.99.2                                            ; --            ; nios_uart                       ; --         ;
; MAX_CORE_JUNCTION_TEMP              ; 85                                                     ; --            ; --                              ; --         ;
; MIN_CORE_JUNCTION_TEMP              ; 0                                                      ; --            ; --                              ; --         ;
; MISC_FILE                           ; ./nios/nios/synthesis/../../nios.cmp                   ; --            ; --                              ; --         ;
; MISC_FILE                           ; ./nios/nios/synthesis/../../nios.qsys                  ; --            ; --                              ; --         ;
; MISC_FILE                           ; ./altpll0/altpll0.bsf                                  ; --            ; --                              ; --         ;
; MISC_FILE                           ; ./altpll0/altpll0.cmp                                  ; --            ; --                              ; --         ;
; MISC_FILE                           ; ./altpll0/altpll0.ppf                                  ; --            ; --                              ; --         ;
; MISC_FILE                           ; ./altlvds_rx0/altlvds_rx0.bsf                          ; --            ; --                              ; --         ;
; MISC_FILE                           ; ./altlvds_rx0/altlvds_rx0_inst.vhd                     ; --            ; --                              ; --         ;
; MISC_FILE                           ; ./altlvds_rx0/altlvds_rx0.inc                          ; --            ; --                              ; --         ;
; MISC_FILE                           ; ./altlvds_rx0/altlvds_rx0.cmp                          ; --            ; --                              ; --         ;
; MISC_FILE                           ; ./altlvds_rx0/altlvds_rx0.ppf                          ; --            ; --                              ; --         ;
; NOMINAL_CORE_SUPPLY_VOLTAGE         ; 1.2V                                                   ; --            ; --                              ; --         ;
; PARTITION_COLOR                     ; 16764057                                               ; --            ; --                              ; Top        ;
; PARTITION_FITTER_PRESERVATION_LEVEL ; PLACEMENT_AND_ROUTING                                  ; --            ; --                              ; Top        ;
; PARTITION_NETLIST_TYPE              ; SOURCE                                                 ; --            ; --                              ; Top        ;
; POWER_BOARD_THERMAL_MODEL           ; None (CONSERVATIVE)                                    ; --            ; --                              ; --         ;
; POWER_PRESET_COOLING_SOLUTION       ; 23 MM HEAT SINK WITH 200 LFPM AIRFLOW                  ; --            ; --                              ; --         ;
; PROJECT_OUTPUT_DIRECTORY            ; output_files                                           ; --            ; --                              ; --         ;
; SLD_INFO                            ; QSYS_NAME nios HAS_SOPCINFO 1 GENERATION_ID 1464870613 ; --            ; nios                            ; --         ;
; SOPCINFO_FILE                       ; ./nios/nios/synthesis/../../nios.sopcinfo              ; --            ; --                              ; --         ;
; SYNTHESIS_ONLY_QIP                  ; On                                                     ; --            ; --                              ; --         ;
+-------------------------------------+--------------------------------------------------------+---------------+---------------------------------+------------+


+-------------------------------------------------------------------------------------------------------------------------------+
; Flow Elapsed Time                                                                                                             ;
+---------------------------+--------------+-------------------------+---------------------+------------------------------------+
; Module Name               ; Elapsed Time ; Average Processors Used ; Peak Virtual Memory ; Total CPU Time (on all processors) ;
+---------------------------+--------------+-------------------------+---------------------+------------------------------------+
; Analysis & Synthesis      ; 00:01:10     ; 1.0                     ; 633 MB              ; 00:00:37                           ;
; Fitter                    ; 00:00:59     ; 1.1                     ; 941 MB              ; 00:00:32                           ;
; Assembler                 ; 00:00:28     ; 1.0                     ; 392 MB              ; 00:00:01                           ;
; TimeQuest Timing Analyzer ; 00:00:34     ; 1.0                     ; 533 MB              ; 00:00:06                           ;
; Total                     ; 00:03:11     ; --                      ; --                  ; 00:01:16                           ;
+---------------------------+--------------+-------------------------+---------------------+------------------------------------+


+----------------------------------------------------------------------------------------+
; Flow OS Summary                                                                        ;
+---------------------------+------------------+-----------+------------+----------------+
; Module Name               ; Machine Hostname ; OS Name   ; OS Version ; Processor type ;
+---------------------------+------------------+-----------+------------+----------------+
; Analysis & Synthesis      ; innolabge        ; Windows 7 ; 6.2        ; x86_64         ;
; Fitter                    ; innolabge        ; Windows 7 ; 6.2        ; x86_64         ;
; Assembler                 ; innolabge        ; Windows 7 ; 6.2        ; x86_64         ;
; TimeQuest Timing Analyzer ; innolabge        ; Windows 7 ; 6.2        ; x86_64         ;
+---------------------------+------------------+-----------+------------+----------------+


------------
; Flow Log ;
------------
quartus_map --read_settings_files=on --write_settings_files=off de0_cyclone3 -c de0_cyclone3
quartus_fit --read_settings_files=off --write_settings_files=off de0_cyclone3 -c de0_cyclone3
quartus_asm --read_settings_files=off --write_settings_files=off de0_cyclone3 -c de0_cyclone3
quartus_sta de0_cyclone3 -c de0_cyclone3



