Analysis & Synthesis report for de2_cyclone2
Tue May 31 14:28:00 2016
Quartus II 64-Bit Version 13.0.1 Build 232 06/12/2013 Service Pack 1 SJ Full Version


---------------------
; Table of Contents ;
---------------------
  1. Legal Notice
  2. Analysis & Synthesis Summary
  3. Analysis & Synthesis Settings
  4. Parallel Compilation
  5. Analysis & Synthesis Source Files Read
  6. Analysis & Synthesis Resource Usage Summary
  7. Analysis & Synthesis Resource Utilization by Entity
  8. Analysis & Synthesis IP Cores Summary
  9. General Register Statistics
 10. Source assignments for lvds_decoder:inst|altlvds_rx0:inst_1|altlvds_rx:ALTLVDS_RX_component
 11. Source assignments for lvds_decoder:inst|altlvds_rx0:inst_1|altlvds_rx:ALTLVDS_RX_component|altlvds_rx0_lvds_rx:auto_generated
 12. Source assignments for lvds_decoder:inst|altlvds_rx0:inst_1|altlvds_rx:ALTLVDS_RX_component|altlvds_rx0_lvds_rx:auto_generated|altlvds_rx0_dffpipe:h_dffpipe
 13. Source assignments for lvds_decoder:inst|altlvds_rx0:inst_1|altlvds_rx:ALTLVDS_RX_component|altlvds_rx0_lvds_rx:auto_generated|altlvds_rx0_dffpipe:l_dffpipe
 14. Parameter Settings for User Entity Instance: lvds_decoder:inst|altlvds_rx0:inst_1|altlvds_rx:ALTLVDS_RX_component
 15. Elapsed Time Per Partition
 16. Analysis & Synthesis Messages



----------------
; Legal Notice ;
----------------
Copyright (C) 1991-2013 Altera Corporation
Your use of Altera Corporation's design tools, logic functions 
and other software and tools, and its AMPP partner logic 
functions, and any output files from any of the foregoing 
(including device programming or simulation files), and any 
associated documentation or information are expressly subject 
to the terms and conditions of the Altera Program License 
Subscription Agreement, Altera MegaCore Function License 
Agreement, or other applicable license agreement, including, 
without limitation, that your use is for the sole purpose of 
programming logic devices manufactured by Altera and sold by 
Altera or its authorized distributors.  Please refer to the 
applicable agreement for further details.



+---------------------------------------------------------------------------------------+
; Analysis & Synthesis Summary                                                          ;
+------------------------------------+--------------------------------------------------+
; Analysis & Synthesis Status        ; Successful - Tue May 31 14:28:00 2016            ;
; Quartus II 64-Bit Version          ; 13.0.1 Build 232 06/12/2013 SP 1 SJ Full Version ;
; Revision Name                      ; de2_cyclone2                                     ;
; Top-level Entity Name              ; tb_lvds_decoder                                  ;
; Family                             ; Cyclone II                                       ;
; Total logic elements               ; 814                                              ;
;     Total combinational functions  ; 235                                              ;
;     Dedicated logic registers      ; 618                                              ;
; Total registers                    ; 652                                              ;
; Total pins                         ; 207                                              ;
; Total virtual pins                 ; 0                                                ;
; Total memory bits                  ; 0                                                ;
; Embedded Multiplier 9-bit elements ; 0                                                ;
; Total PLLs                         ; 1                                                ;
+------------------------------------+--------------------------------------------------+


+----------------------------------------------------------------------------------------------------------------------+
; Analysis & Synthesis Settings                                                                                        ;
+----------------------------------------------------------------------------+--------------------+--------------------+
; Option                                                                     ; Setting            ; Default Value      ;
+----------------------------------------------------------------------------+--------------------+--------------------+
; Device                                                                     ; EP2C35F672C6       ;                    ;
; Top-level entity name                                                      ; tb_lvds_decoder    ; de2_cyclone2       ;
; Family name                                                                ; Cyclone II         ; Cyclone IV GX      ;
; Use smart compilation                                                      ; Off                ; Off                ;
; Enable parallel Assembler and TimeQuest Timing Analyzer during compilation ; On                 ; On                 ;
; Enable compact report table                                                ; Off                ; Off                ;
; Restructure Multiplexers                                                   ; Auto               ; Auto               ;
; Create Debugging Nodes for IP Cores                                        ; Off                ; Off                ;
; Preserve fewer node names                                                  ; On                 ; On                 ;
; Disable OpenCore Plus hardware evaluation                                  ; Off                ; Off                ;
; Verilog Version                                                            ; Verilog_2001       ; Verilog_2001       ;
; VHDL Version                                                               ; VHDL_1993          ; VHDL_1993          ;
; State Machine Processing                                                   ; Auto               ; Auto               ;
; Safe State Machine                                                         ; Off                ; Off                ;
; Extract Verilog State Machines                                             ; On                 ; On                 ;
; Extract VHDL State Machines                                                ; On                 ; On                 ;
; Ignore Verilog initial constructs                                          ; Off                ; Off                ;
; Iteration limit for constant Verilog loops                                 ; 5000               ; 5000               ;
; Iteration limit for non-constant Verilog loops                             ; 250                ; 250                ;
; Add Pass-Through Logic to Inferred RAMs                                    ; On                 ; On                 ;
; Infer RAMs from Raw Logic                                                  ; On                 ; On                 ;
; Parallel Synthesis                                                         ; On                 ; On                 ;
; DSP Block Balancing                                                        ; Auto               ; Auto               ;
; NOT Gate Push-Back                                                         ; On                 ; On                 ;
; Power-Up Don't Care                                                        ; On                 ; On                 ;
; Remove Redundant Logic Cells                                               ; Off                ; Off                ;
; Remove Duplicate Registers                                                 ; On                 ; On                 ;
; Ignore CARRY Buffers                                                       ; Off                ; Off                ;
; Ignore CASCADE Buffers                                                     ; Off                ; Off                ;
; Ignore GLOBAL Buffers                                                      ; Off                ; Off                ;
; Ignore ROW GLOBAL Buffers                                                  ; Off                ; Off                ;
; Ignore LCELL Buffers                                                       ; Off                ; Off                ;
; Ignore SOFT Buffers                                                        ; On                 ; On                 ;
; Limit AHDL Integers to 32 Bits                                             ; Off                ; Off                ;
; Optimization Technique                                                     ; Balanced           ; Balanced           ;
; Carry Chain Length                                                         ; 70                 ; 70                 ;
; Auto Carry Chains                                                          ; On                 ; On                 ;
; Auto Open-Drain Pins                                                       ; On                 ; On                 ;
; Perform WYSIWYG Primitive Resynthesis                                      ; Off                ; Off                ;
; Auto ROM Replacement                                                       ; On                 ; On                 ;
; Auto RAM Replacement                                                       ; On                 ; On                 ;
; Auto Shift Register Replacement                                            ; Auto               ; Auto               ;
; Allow Shift Register Merging across Hierarchies                            ; Auto               ; Auto               ;
; Auto Clock Enable Replacement                                              ; On                 ; On                 ;
; Strict RAM Replacement                                                     ; Off                ; Off                ;
; Allow Synchronous Control Signals                                          ; On                 ; On                 ;
; Force Use of Synchronous Clear Signals                                     ; Off                ; Off                ;
; Auto RAM to Logic Cell Conversion                                          ; Off                ; Off                ;
; Auto Resource Sharing                                                      ; Off                ; Off                ;
; Allow Any RAM Size For Recognition                                         ; Off                ; Off                ;
; Allow Any ROM Size For Recognition                                         ; Off                ; Off                ;
; Allow Any Shift Register Size For Recognition                              ; Off                ; Off                ;
; Use LogicLock Constraints during Resource Balancing                        ; On                 ; On                 ;
; Ignore translate_off and synthesis_off directives                          ; Off                ; Off                ;
; Timing-Driven Synthesis                                                    ; Off                ; Off                ;
; Report Parameter Settings                                                  ; On                 ; On                 ;
; Report Source Assignments                                                  ; On                 ; On                 ;
; Report Connectivity Checks                                                 ; On                 ; On                 ;
; Ignore Maximum Fan-Out Assignments                                         ; Off                ; Off                ;
; Synchronization Register Chain Length                                      ; 2                  ; 2                  ;
; PowerPlay Power Optimization                                               ; Normal compilation ; Normal compilation ;
; HDL message level                                                          ; Level2             ; Level2             ;
; Suppress Register Optimization Related Messages                            ; Off                ; Off                ;
; Number of Removed Registers Reported in Synthesis Report                   ; 5000               ; 5000               ;
; Number of Swept Nodes Reported in Synthesis Report                         ; 5000               ; 5000               ;
; Number of Inverted Registers Reported in Synthesis Report                  ; 100                ; 100                ;
; Clock MUX Protection                                                       ; On                 ; On                 ;
; Auto Gated Clock Conversion                                                ; Off                ; Off                ;
; Block Design Naming                                                        ; Auto               ; Auto               ;
; SDC constraint protection                                                  ; Off                ; Off                ;
; Synthesis Effort                                                           ; Auto               ; Auto               ;
; Shift Register Replacement - Allow Asynchronous Clear Signal               ; On                 ; On                 ;
; Pre-Mapping Resynthesis Optimization                                       ; Off                ; Off                ;
; Analysis & Synthesis Message Level                                         ; Medium             ; Medium             ;
; Disable Register Merging Across Hierarchies                                ; Auto               ; Auto               ;
; Resource Aware Inference For Block RAM                                     ; On                 ; On                 ;
; Synthesis Seed                                                             ; 1                  ; 1                  ;
+----------------------------------------------------------------------------+--------------------+--------------------+


+------------------------------------------+
; Parallel Compilation                     ;
+----------------------------+-------------+
; Processors                 ; Number      ;
+----------------------------+-------------+
; Number detected on machine ; 2           ;
; Maximum allowed            ; 2           ;
;                            ;             ;
; Average used               ; 1.00        ;
; Maximum used               ; 1           ;
;                            ;             ;
; Usage by Processor         ; % Time Used ;
;     Processor 1            ; 100.0%      ;
;     Processor 2            ;   0.0%      ;
+----------------------------+-------------+


+----------------------------------------------------------------------------------------------------------------------------------------------------------------------------------------------------------------+
; Analysis & Synthesis Source Files Read                                                                                                                                                                         ;
+----------------------------------+-----------------+------------------------------------+------------------------------------------------------------------------------------------------------------+---------+
; File Name with User-Entered Path ; Used in Netlist ; File Type                          ; File Name with Absolute Path                                                                               ; Library ;
+----------------------------------+-----------------+------------------------------------+------------------------------------------------------------------------------------------------------------+---------+
; tb_lvds_decoder.bdf              ; yes             ; User Block Diagram/Schematic File  ; C:/Users/innovlab/workspace/EyeSat_CMOS_Image_Sensor/FPGA_Program/de2_cyclone2/tb_lvds_decoder.bdf         ;         ;
; ../src/design/lvds_in_map.vhd    ; yes             ; User VHDL File                     ; C:/Users/innovlab/workspace/EyeSat_CMOS_Image_Sensor/FPGA_Program/src/design/lvds_in_map.vhd               ;         ;
; lvds_decoder.bdf                 ; yes             ; User Block Diagram/Schematic File  ; C:/Users/innovlab/workspace/EyeSat_CMOS_Image_Sensor/FPGA_Program/de2_cyclone2/lvds_decoder.bdf            ;         ;
; ../src/design/lvds_out_map.vhd   ; yes             ; User VHDL File                     ; C:/Users/innovlab/workspace/EyeSat_CMOS_Image_Sensor/FPGA_Program/src/design/lvds_out_map.vhd              ;         ;
; altlvds_rx0/altlvds_rx0.vhd      ; yes             ; User Wizard-Generated File         ; C:/Users/innovlab/workspace/EyeSat_CMOS_Image_Sensor/FPGA_Program/de2_cyclone2/altlvds_rx0/altlvds_rx0.vhd ;         ;
; altlvds_rx.tdf                   ; yes             ; Megafunction                       ; c:/logicielge1/altera/13.0sp1/quartus/libraries/megafunctions/altlvds_rx.tdf                               ;         ;
; aglobal130.inc                   ; yes             ; Megafunction                       ; c:/logicielge1/altera/13.0sp1/quartus/libraries/megafunctions/aglobal130.inc                               ;         ;
; stratix_lvds_receiver.inc        ; yes             ; Megafunction                       ; c:/logicielge1/altera/13.0sp1/quartus/libraries/megafunctions/stratix_lvds_receiver.inc                    ;         ;
; stratix_pll.inc                  ; yes             ; Megafunction                       ; c:/logicielge1/altera/13.0sp1/quartus/libraries/megafunctions/stratix_pll.inc                              ;         ;
; stratixgx_lvds_receiver.inc      ; yes             ; Megafunction                       ; c:/logicielge1/altera/13.0sp1/quartus/libraries/megafunctions/stratixgx_lvds_receiver.inc                  ;         ;
; stratixgx_pll.inc                ; yes             ; Megafunction                       ; c:/logicielge1/altera/13.0sp1/quartus/libraries/megafunctions/stratixgx_pll.inc                            ;         ;
; stratixii_lvds_receiver.inc      ; yes             ; Megafunction                       ; c:/logicielge1/altera/13.0sp1/quartus/libraries/megafunctions/stratixii_lvds_receiver.inc                  ;         ;
; stratixii_clkctrl.inc            ; yes             ; Megafunction                       ; c:/logicielge1/altera/13.0sp1/quartus/libraries/megafunctions/stratixii_clkctrl.inc                        ;         ;
; altddio_in.inc                   ; yes             ; Megafunction                       ; c:/logicielge1/altera/13.0sp1/quartus/libraries/megafunctions/altddio_in.inc                               ;         ;
; db/altlvds_rx0_lvds_rx.v         ; yes             ; Auto-Generated Megafunction        ; C:/Users/innovlab/workspace/EyeSat_CMOS_Image_Sensor/FPGA_Program/de2_cyclone2/db/altlvds_rx0_lvds_rx.v    ;         ;
+----------------------------------+-----------------+------------------------------------+------------------------------------------------------------------------------------------------------------+---------+


+------------------------------------------------------------------------------------------------------------------------------------------------------------------+
; Analysis & Synthesis Resource Usage Summary                                                                                                                      ;
+---------------------------------------------+--------------------------------------------------------------------------------------------------------------------+
; Resource                                    ; Usage                                                                                                              ;
+---------------------------------------------+--------------------------------------------------------------------------------------------------------------------+
; Estimated Total logic elements              ; 814                                                                                                                ;
;                                             ;                                                                                                                    ;
; Total combinational functions               ; 235                                                                                                                ;
; Logic element usage by number of LUT inputs ;                                                                                                                    ;
;     -- 4 input functions                    ; 171                                                                                                                ;
;     -- 3 input functions                    ; 55                                                                                                                 ;
;     -- <=2 input functions                  ; 9                                                                                                                  ;
;                                             ;                                                                                                                    ;
; Logic elements by mode                      ;                                                                                                                    ;
;     -- normal mode                          ; 231                                                                                                                ;
;     -- arithmetic mode                      ; 4                                                                                                                  ;
;                                             ;                                                                                                                    ;
; Total registers                             ; 652                                                                                                                ;
;     -- Dedicated logic registers            ; 618                                                                                                                ;
;     -- I/O registers                        ; 34                                                                                                                 ;
;                                             ;                                                                                                                    ;
; I/O pins                                    ; 207                                                                                                                ;
; Embedded Multiplier 9-bit elements          ; 0                                                                                                                  ;
; Total PLLs                                  ; 1                                                                                                                  ;
;     -- PLLs                                 ; 1                                                                                                                  ;
;                                             ;                                                                                                                    ;
; Maximum fan-out node                        ; lvds_decoder:inst|altlvds_rx0:inst_1|altlvds_rx:ALTLVDS_RX_component|altlvds_rx0_lvds_rx:auto_generated|fast_clock ;
; Maximum fan-out                             ; 653                                                                                                                ;
; Total fan-out                               ; 2981                                                                                                               ;
; Average fan-out                             ; 2.81                                                                                                               ;
+---------------------------------------------+--------------------------------------------------------------------------------------------------------------------+


+---------------------------------------------------------------------------------------------------------------------------------------------------------------------------------------------------------------------------------------------------------------------------------------------------------------------------------------------------------------+
; Analysis & Synthesis Resource Utilization by Entity                                                                                                                                                                                                                                                                                                           ;
+--------------------------------------------------+-------------------+--------------+-------------+--------------+---------+-----------+------+--------------+---------------------------------------------------------------------------------------------------------------------------------------------------------------------------------+--------------+
; Compilation Hierarchy Node                       ; LC Combinationals ; LC Registers ; Memory Bits ; DSP Elements ; DSP 9x9 ; DSP 18x18 ; Pins ; Virtual Pins ; Full Hierarchy Name                                                                                                                                                             ; Library Name ;
+--------------------------------------------------+-------------------+--------------+-------------+--------------+---------+-----------+------+--------------+---------------------------------------------------------------------------------------------------------------------------------------------------------------------------------+--------------+
; |tb_lvds_decoder                                 ; 235 (1)           ; 618 (0)      ; 0           ; 0            ; 0       ; 0         ; 207  ; 0            ; |tb_lvds_decoder                                                                                                                                                                ; work         ;
;    |lvds_decoder:inst|                           ; 234 (1)           ; 618 (0)      ; 0           ; 0            ; 0       ; 0         ; 34   ; 0            ; |tb_lvds_decoder|lvds_decoder:inst                                                                                                                                              ; work         ;
;       |altlvds_rx0:inst_1|                       ; 233 (0)           ; 618 (0)      ; 0           ; 0            ; 0       ; 0         ; 34   ; 0            ; |tb_lvds_decoder|lvds_decoder:inst|altlvds_rx0:inst_1                                                                                                                           ; work         ;
;          |altlvds_rx:ALTLVDS_RX_component|       ; 233 (0)           ; 618 (0)      ; 0           ; 0            ; 0       ; 0         ; 34   ; 0            ; |tb_lvds_decoder|lvds_decoder:inst|altlvds_rx0:inst_1|altlvds_rx:ALTLVDS_RX_component                                                                                           ; work         ;
;             |altlvds_rx0_lvds_rx:auto_generated| ; 233 (1)           ; 618 (546)    ; 0           ; 0            ; 0       ; 0         ; 34   ; 0            ; |tb_lvds_decoder|lvds_decoder:inst|altlvds_rx0:inst_1|altlvds_rx:ALTLVDS_RX_component|altlvds_rx0_lvds_rx:auto_generated                                                        ; work         ;
;                |altlvds_rx0_cntr:bitslip_cntr|   ; 7 (6)             ; 4 (4)        ; 0           ; 0            ; 0       ; 0         ; 0    ; 0            ; |tb_lvds_decoder|lvds_decoder:inst|altlvds_rx0:inst_1|altlvds_rx:ALTLVDS_RX_component|altlvds_rx0_lvds_rx:auto_generated|altlvds_rx0_cntr:bitslip_cntr                          ; work         ;
;                   |altlvds_rx0_cmpr:cmpr106|     ; 1 (1)             ; 0 (0)        ; 0           ; 0            ; 0       ; 0         ; 0    ; 0            ; |tb_lvds_decoder|lvds_decoder:inst|altlvds_rx0:inst_1|altlvds_rx:ALTLVDS_RX_component|altlvds_rx0_lvds_rx:auto_generated|altlvds_rx0_cntr:bitslip_cntr|altlvds_rx0_cmpr:cmpr106 ; work         ;
;                |altlvds_rx0_dffpipe:h_dffpipe|   ; 0 (0)             ; 34 (34)      ; 0           ; 0            ; 0       ; 0         ; 0    ; 0            ; |tb_lvds_decoder|lvds_decoder:inst|altlvds_rx0:inst_1|altlvds_rx:ALTLVDS_RX_component|altlvds_rx0_lvds_rx:auto_generated|altlvds_rx0_dffpipe:h_dffpipe                          ; work         ;
;                |altlvds_rx0_dffpipe:l_dffpipe|   ; 0 (0)             ; 34 (34)      ; 0           ; 0            ; 0       ; 0         ; 0    ; 0            ; |tb_lvds_decoder|lvds_decoder:inst|altlvds_rx0:inst_1|altlvds_rx:ALTLVDS_RX_component|altlvds_rx0_lvds_rx:auto_generated|altlvds_rx0_dffpipe:l_dffpipe                          ; work         ;
;                |altlvds_rx0_mux:h_mux101a|       ; 6 (6)             ; 0 (0)        ; 0           ; 0            ; 0       ; 0         ; 0    ; 0            ; |tb_lvds_decoder|lvds_decoder:inst|altlvds_rx0:inst_1|altlvds_rx:ALTLVDS_RX_component|altlvds_rx0_lvds_rx:auto_generated|altlvds_rx0_mux:h_mux101a                              ; work         ;
;                |altlvds_rx0_mux:h_mux11a|        ; 6 (6)             ; 0 (0)        ; 0           ; 0            ; 0       ; 0         ; 0    ; 0            ; |tb_lvds_decoder|lvds_decoder:inst|altlvds_rx0:inst_1|altlvds_rx:ALTLVDS_RX_component|altlvds_rx0_lvds_rx:auto_generated|altlvds_rx0_mux:h_mux11a                               ; work         ;
;                |altlvds_rx0_mux:h_mux17a|        ; 6 (6)             ; 0 (0)        ; 0           ; 0            ; 0       ; 0         ; 0    ; 0            ; |tb_lvds_decoder|lvds_decoder:inst|altlvds_rx0:inst_1|altlvds_rx:ALTLVDS_RX_component|altlvds_rx0_lvds_rx:auto_generated|altlvds_rx0_mux:h_mux17a                               ; work         ;
;                |altlvds_rx0_mux:h_mux23a|        ; 6 (6)             ; 0 (0)        ; 0           ; 0            ; 0       ; 0         ; 0    ; 0            ; |tb_lvds_decoder|lvds_decoder:inst|altlvds_rx0:inst_1|altlvds_rx:ALTLVDS_RX_component|altlvds_rx0_lvds_rx:auto_generated|altlvds_rx0_mux:h_mux23a                               ; work         ;
;                |altlvds_rx0_mux:h_mux29a|        ; 6 (6)             ; 0 (0)        ; 0           ; 0            ; 0       ; 0         ; 0    ; 0            ; |tb_lvds_decoder|lvds_decoder:inst|altlvds_rx0:inst_1|altlvds_rx:ALTLVDS_RX_component|altlvds_rx0_lvds_rx:auto_generated|altlvds_rx0_mux:h_mux29a                               ; work         ;
;                |altlvds_rx0_mux:h_mux35a|        ; 6 (6)             ; 0 (0)        ; 0           ; 0            ; 0       ; 0         ; 0    ; 0            ; |tb_lvds_decoder|lvds_decoder:inst|altlvds_rx0:inst_1|altlvds_rx:ALTLVDS_RX_component|altlvds_rx0_lvds_rx:auto_generated|altlvds_rx0_mux:h_mux35a                               ; work         ;
;                |altlvds_rx0_mux:h_mux41a|        ; 6 (6)             ; 0 (0)        ; 0           ; 0            ; 0       ; 0         ; 0    ; 0            ; |tb_lvds_decoder|lvds_decoder:inst|altlvds_rx0:inst_1|altlvds_rx:ALTLVDS_RX_component|altlvds_rx0_lvds_rx:auto_generated|altlvds_rx0_mux:h_mux41a                               ; work         ;
;                |altlvds_rx0_mux:h_mux47a|        ; 6 (6)             ; 0 (0)        ; 0           ; 0            ; 0       ; 0         ; 0    ; 0            ; |tb_lvds_decoder|lvds_decoder:inst|altlvds_rx0:inst_1|altlvds_rx:ALTLVDS_RX_component|altlvds_rx0_lvds_rx:auto_generated|altlvds_rx0_mux:h_mux47a                               ; work         ;
;                |altlvds_rx0_mux:h_mux53a|        ; 6 (6)             ; 0 (0)        ; 0           ; 0            ; 0       ; 0         ; 0    ; 0            ; |tb_lvds_decoder|lvds_decoder:inst|altlvds_rx0:inst_1|altlvds_rx:ALTLVDS_RX_component|altlvds_rx0_lvds_rx:auto_generated|altlvds_rx0_mux:h_mux53a                               ; work         ;
;                |altlvds_rx0_mux:h_mux59a|        ; 6 (6)             ; 0 (0)        ; 0           ; 0            ; 0       ; 0         ; 0    ; 0            ; |tb_lvds_decoder|lvds_decoder:inst|altlvds_rx0:inst_1|altlvds_rx:ALTLVDS_RX_component|altlvds_rx0_lvds_rx:auto_generated|altlvds_rx0_mux:h_mux59a                               ; work         ;
;                |altlvds_rx0_mux:h_mux5a|         ; 6 (6)             ; 0 (0)        ; 0           ; 0            ; 0       ; 0         ; 0    ; 0            ; |tb_lvds_decoder|lvds_decoder:inst|altlvds_rx0:inst_1|altlvds_rx:ALTLVDS_RX_component|altlvds_rx0_lvds_rx:auto_generated|altlvds_rx0_mux:h_mux5a                                ; work         ;
;                |altlvds_rx0_mux:h_mux65a|        ; 6 (6)             ; 0 (0)        ; 0           ; 0            ; 0       ; 0         ; 0    ; 0            ; |tb_lvds_decoder|lvds_decoder:inst|altlvds_rx0:inst_1|altlvds_rx:ALTLVDS_RX_component|altlvds_rx0_lvds_rx:auto_generated|altlvds_rx0_mux:h_mux65a                               ; work         ;
;                |altlvds_rx0_mux:h_mux71a|        ; 6 (6)             ; 0 (0)        ; 0           ; 0            ; 0       ; 0         ; 0    ; 0            ; |tb_lvds_decoder|lvds_decoder:inst|altlvds_rx0:inst_1|altlvds_rx:ALTLVDS_RX_component|altlvds_rx0_lvds_rx:auto_generated|altlvds_rx0_mux:h_mux71a                               ; work         ;
;                |altlvds_rx0_mux:h_mux77a|        ; 6 (6)             ; 0 (0)        ; 0           ; 0            ; 0       ; 0         ; 0    ; 0            ; |tb_lvds_decoder|lvds_decoder:inst|altlvds_rx0:inst_1|altlvds_rx:ALTLVDS_RX_component|altlvds_rx0_lvds_rx:auto_generated|altlvds_rx0_mux:h_mux77a                               ; work         ;
;                |altlvds_rx0_mux:h_mux83a|        ; 6 (6)             ; 0 (0)        ; 0           ; 0            ; 0       ; 0         ; 0    ; 0            ; |tb_lvds_decoder|lvds_decoder:inst|altlvds_rx0:inst_1|altlvds_rx:ALTLVDS_RX_component|altlvds_rx0_lvds_rx:auto_generated|altlvds_rx0_mux:h_mux83a                               ; work         ;
;                |altlvds_rx0_mux:h_mux89a|        ; 6 (6)             ; 0 (0)        ; 0           ; 0            ; 0       ; 0         ; 0    ; 0            ; |tb_lvds_decoder|lvds_decoder:inst|altlvds_rx0:inst_1|altlvds_rx:ALTLVDS_RX_component|altlvds_rx0_lvds_rx:auto_generated|altlvds_rx0_mux:h_mux89a                               ; work         ;
;                |altlvds_rx0_mux:h_mux95a|        ; 6 (6)             ; 0 (0)        ; 0           ; 0            ; 0       ; 0         ; 0    ; 0            ; |tb_lvds_decoder|lvds_decoder:inst|altlvds_rx0:inst_1|altlvds_rx:ALTLVDS_RX_component|altlvds_rx0_lvds_rx:auto_generated|altlvds_rx0_mux:h_mux95a                               ; work         ;
;                |altlvds_rx0_mux:l_mux102a|       ; 7 (7)             ; 0 (0)        ; 0           ; 0            ; 0       ; 0         ; 0    ; 0            ; |tb_lvds_decoder|lvds_decoder:inst|altlvds_rx0:inst_1|altlvds_rx:ALTLVDS_RX_component|altlvds_rx0_lvds_rx:auto_generated|altlvds_rx0_mux:l_mux102a                              ; work         ;
;                |altlvds_rx0_mux:l_mux12a|        ; 7 (7)             ; 0 (0)        ; 0           ; 0            ; 0       ; 0         ; 0    ; 0            ; |tb_lvds_decoder|lvds_decoder:inst|altlvds_rx0:inst_1|altlvds_rx:ALTLVDS_RX_component|altlvds_rx0_lvds_rx:auto_generated|altlvds_rx0_mux:l_mux12a                               ; work         ;
;                |altlvds_rx0_mux:l_mux18a|        ; 7 (7)             ; 0 (0)        ; 0           ; 0            ; 0       ; 0         ; 0    ; 0            ; |tb_lvds_decoder|lvds_decoder:inst|altlvds_rx0:inst_1|altlvds_rx:ALTLVDS_RX_component|altlvds_rx0_lvds_rx:auto_generated|altlvds_rx0_mux:l_mux18a                               ; work         ;
;                |altlvds_rx0_mux:l_mux24a|        ; 7 (7)             ; 0 (0)        ; 0           ; 0            ; 0       ; 0         ; 0    ; 0            ; |tb_lvds_decoder|lvds_decoder:inst|altlvds_rx0:inst_1|altlvds_rx:ALTLVDS_RX_component|altlvds_rx0_lvds_rx:auto_generated|altlvds_rx0_mux:l_mux24a                               ; work         ;
;                |altlvds_rx0_mux:l_mux30a|        ; 7 (7)             ; 0 (0)        ; 0           ; 0            ; 0       ; 0         ; 0    ; 0            ; |tb_lvds_decoder|lvds_decoder:inst|altlvds_rx0:inst_1|altlvds_rx:ALTLVDS_RX_component|altlvds_rx0_lvds_rx:auto_generated|altlvds_rx0_mux:l_mux30a                               ; work         ;
;                |altlvds_rx0_mux:l_mux36a|        ; 7 (7)             ; 0 (0)        ; 0           ; 0            ; 0       ; 0         ; 0    ; 0            ; |tb_lvds_decoder|lvds_decoder:inst|altlvds_rx0:inst_1|altlvds_rx:ALTLVDS_RX_component|altlvds_rx0_lvds_rx:auto_generated|altlvds_rx0_mux:l_mux36a                               ; work         ;
;                |altlvds_rx0_mux:l_mux42a|        ; 7 (7)             ; 0 (0)        ; 0           ; 0            ; 0       ; 0         ; 0    ; 0            ; |tb_lvds_decoder|lvds_decoder:inst|altlvds_rx0:inst_1|altlvds_rx:ALTLVDS_RX_component|altlvds_rx0_lvds_rx:auto_generated|altlvds_rx0_mux:l_mux42a                               ; work         ;
;                |altlvds_rx0_mux:l_mux48a|        ; 7 (7)             ; 0 (0)        ; 0           ; 0            ; 0       ; 0         ; 0    ; 0            ; |tb_lvds_decoder|lvds_decoder:inst|altlvds_rx0:inst_1|altlvds_rx:ALTLVDS_RX_component|altlvds_rx0_lvds_rx:auto_generated|altlvds_rx0_mux:l_mux48a                               ; work         ;
;                |altlvds_rx0_mux:l_mux54a|        ; 7 (7)             ; 0 (0)        ; 0           ; 0            ; 0       ; 0         ; 0    ; 0            ; |tb_lvds_decoder|lvds_decoder:inst|altlvds_rx0:inst_1|altlvds_rx:ALTLVDS_RX_component|altlvds_rx0_lvds_rx:auto_generated|altlvds_rx0_mux:l_mux54a                               ; work         ;
;                |altlvds_rx0_mux:l_mux60a|        ; 7 (7)             ; 0 (0)        ; 0           ; 0            ; 0       ; 0         ; 0    ; 0            ; |tb_lvds_decoder|lvds_decoder:inst|altlvds_rx0:inst_1|altlvds_rx:ALTLVDS_RX_component|altlvds_rx0_lvds_rx:auto_generated|altlvds_rx0_mux:l_mux60a                               ; work         ;
;                |altlvds_rx0_mux:l_mux66a|        ; 7 (7)             ; 0 (0)        ; 0           ; 0            ; 0       ; 0         ; 0    ; 0            ; |tb_lvds_decoder|lvds_decoder:inst|altlvds_rx0:inst_1|altlvds_rx:ALTLVDS_RX_component|altlvds_rx0_lvds_rx:auto_generated|altlvds_rx0_mux:l_mux66a                               ; work         ;
;                |altlvds_rx0_mux:l_mux6a|         ; 11 (11)           ; 0 (0)        ; 0           ; 0            ; 0       ; 0         ; 0    ; 0            ; |tb_lvds_decoder|lvds_decoder:inst|altlvds_rx0:inst_1|altlvds_rx:ALTLVDS_RX_component|altlvds_rx0_lvds_rx:auto_generated|altlvds_rx0_mux:l_mux6a                                ; work         ;
;                |altlvds_rx0_mux:l_mux72a|        ; 7 (7)             ; 0 (0)        ; 0           ; 0            ; 0       ; 0         ; 0    ; 0            ; |tb_lvds_decoder|lvds_decoder:inst|altlvds_rx0:inst_1|altlvds_rx:ALTLVDS_RX_component|altlvds_rx0_lvds_rx:auto_generated|altlvds_rx0_mux:l_mux72a                               ; work         ;
;                |altlvds_rx0_mux:l_mux78a|        ; 7 (7)             ; 0 (0)        ; 0           ; 0            ; 0       ; 0         ; 0    ; 0            ; |tb_lvds_decoder|lvds_decoder:inst|altlvds_rx0:inst_1|altlvds_rx:ALTLVDS_RX_component|altlvds_rx0_lvds_rx:auto_generated|altlvds_rx0_mux:l_mux78a                               ; work         ;
;                |altlvds_rx0_mux:l_mux84a|        ; 7 (7)             ; 0 (0)        ; 0           ; 0            ; 0       ; 0         ; 0    ; 0            ; |tb_lvds_decoder|lvds_decoder:inst|altlvds_rx0:inst_1|altlvds_rx:ALTLVDS_RX_component|altlvds_rx0_lvds_rx:auto_generated|altlvds_rx0_mux:l_mux84a                               ; work         ;
;                |altlvds_rx0_mux:l_mux90a|        ; 7 (7)             ; 0 (0)        ; 0           ; 0            ; 0       ; 0         ; 0    ; 0            ; |tb_lvds_decoder|lvds_decoder:inst|altlvds_rx0:inst_1|altlvds_rx:ALTLVDS_RX_component|altlvds_rx0_lvds_rx:auto_generated|altlvds_rx0_mux:l_mux90a                               ; work         ;
;                |altlvds_rx0_mux:l_mux96a|        ; 7 (7)             ; 0 (0)        ; 0           ; 0            ; 0       ; 0         ; 0    ; 0            ; |tb_lvds_decoder|lvds_decoder:inst|altlvds_rx0:inst_1|altlvds_rx:ALTLVDS_RX_component|altlvds_rx0_lvds_rx:auto_generated|altlvds_rx0_mux:l_mux96a                               ; work         ;
+--------------------------------------------------+-------------------+--------------+-------------+--------------+---------+-----------+------+--------------+---------------------------------------------------------------------------------------------------------------------------------------------------------------------------------+--------------+
Note: For table entries with two numbers listed, the numbers in parentheses indicate the number of resources of the given type used by the specific entity alone. The numbers listed outside of parentheses indicate the total resources of the given type used by the specific entity and all of its sub-entities in the hierarchy.


+------------------------------------------------------------------------------------------------------------------------------------------------------------------------------------------------------------------------------------+
; Analysis & Synthesis IP Cores Summary                                                                                                                                                                                              ;
+--------+--------------+---------+--------------+--------------+-------------------------------------------------------+------------------------------------------------------------------------------------------------------------+
; Vendor ; IP Core Name ; Version ; Release Date ; License Type ; Entity Instance                                       ; IP Include File                                                                                            ;
+--------+--------------+---------+--------------+--------------+-------------------------------------------------------+------------------------------------------------------------------------------------------------------------+
; Altera ; ALTLVDS_RX   ; 13.0    ; N/A          ; N/A          ; |tb_lvds_decoder|lvds_decoder:inst|altlvds_rx0:inst_1 ; C:/Users/innovlab/workspace/EyeSat_CMOS_Image_Sensor/FPGA_Program/de2_cyclone2/altlvds_rx0/altlvds_rx0.vhd ;
+--------+--------------+---------+--------------+--------------+-------------------------------------------------------+------------------------------------------------------------------------------------------------------------+


+------------------------------------------------------+
; General Register Statistics                          ;
+----------------------------------------------+-------+
; Statistic                                    ; Value ;
+----------------------------------------------+-------+
; Total registers                              ; 618   ;
; Number of registers using Synchronous Clear  ; 0     ;
; Number of registers using Synchronous Load   ; 4     ;
; Number of registers using Asynchronous Clear ; 612   ;
; Number of registers using Asynchronous Load  ; 0     ;
; Number of registers using Clock Enable       ; 4     ;
; Number of registers using Preset             ; 0     ;
+----------------------------------------------+-------+


+---------------------------------------------------------------------------------------------+
; Source assignments for lvds_decoder:inst|altlvds_rx0:inst_1|altlvds_rx:ALTLVDS_RX_component ;
+----------------------------+-------+------+-------------------------------------------------+
; Assignment                 ; Value ; From ; To                                              ;
+----------------------------+-------+------+-------------------------------------------------+
; REMOVE_DUPLICATE_REGISTERS ; OFF   ; -    ; -                                               ;
+----------------------------+-------+------+-------------------------------------------------+


+--------------------------------------------------------------------------------------------------------------------------------+
; Source assignments for lvds_decoder:inst|altlvds_rx0:inst_1|altlvds_rx:ALTLVDS_RX_component|altlvds_rx0_lvds_rx:auto_generated ;
+---------------------------------+-------+------+-------------------------------------------------------------------------------+
; Assignment                      ; Value ; From ; To                                                                            ;
+---------------------------------+-------+------+-------------------------------------------------------------------------------+
; AUTO_SHIFT_REGISTER_RECOGNITION ; OFF   ; -    ; -                                                                             ;
; IGNORE_MODE_FOR_MERGE           ; ON    ; -    ; lvds_rx_pll                                                                   ;
; AUTO_MERGE_PLLS                 ; OFF   ; -    ; lvds_rx_pll                                                                   ;
+---------------------------------+-------+------+-------------------------------------------------------------------------------+


+--------------------------------------------------------------------------------------------------------------------------------------------------------------+
; Source assignments for lvds_decoder:inst|altlvds_rx0:inst_1|altlvds_rx:ALTLVDS_RX_component|altlvds_rx0_lvds_rx:auto_generated|altlvds_rx0_dffpipe:h_dffpipe ;
+---------------------------------+-------+------+-------------------------------------------------------------------------------------------------------------+
; Assignment                      ; Value ; From ; To                                                                                                          ;
+---------------------------------+-------+------+-------------------------------------------------------------------------------------------------------------+
; AUTO_SHIFT_REGISTER_RECOGNITION ; OFF   ; -    ; -                                                                                                           ;
+---------------------------------+-------+------+-------------------------------------------------------------------------------------------------------------+


+--------------------------------------------------------------------------------------------------------------------------------------------------------------+
; Source assignments for lvds_decoder:inst|altlvds_rx0:inst_1|altlvds_rx:ALTLVDS_RX_component|altlvds_rx0_lvds_rx:auto_generated|altlvds_rx0_dffpipe:l_dffpipe ;
+---------------------------------+-------+------+-------------------------------------------------------------------------------------------------------------+
; Assignment                      ; Value ; From ; To                                                                                                          ;
+---------------------------------+-------+------+-------------------------------------------------------------------------------------------------------------+
; AUTO_SHIFT_REGISTER_RECOGNITION ; OFF   ; -    ; -                                                                                                           ;
+---------------------------------+-------+------+-------------------------------------------------------------------------------------------------------------+


+-------------------------------------------------------------------------------------------------------------------+
; Parameter Settings for User Entity Instance: lvds_decoder:inst|altlvds_rx0:inst_1|altlvds_rx:ALTLVDS_RX_component ;
+--------------------------------------+---------------------+------------------------------------------------------+
; Parameter Name                       ; Value               ; Type                                                 ;
+--------------------------------------+---------------------+------------------------------------------------------+
; AUTO_CARRY_CHAINS                    ; ON                  ; AUTO_CARRY                                           ;
; IGNORE_CARRY_BUFFERS                 ; OFF                 ; IGNORE_CARRY                                         ;
; AUTO_CASCADE_CHAINS                  ; ON                  ; AUTO_CASCADE                                         ;
; IGNORE_CASCADE_BUFFERS               ; OFF                 ; IGNORE_CASCADE                                       ;
; NUMBER_OF_CHANNELS                   ; 17                  ; Signed Integer                                       ;
; DESERIALIZATION_FACTOR               ; 10                  ; Signed Integer                                       ;
; REGISTERED_OUTPUT                    ; ON                  ; Untyped                                              ;
; INCLOCK_PERIOD                       ; 10000               ; Signed Integer                                       ;
; INCLOCK_BOOST                        ; 0                   ; Signed Integer                                       ;
; CDS_MODE                             ; UNUSED              ; Untyped                                              ;
; INTENDED_DEVICE_FAMILY               ; Cyclone II          ; Untyped                                              ;
; DEVICE_FAMILY                        ; Cyclone II          ; Untyped                                              ;
; PORT_RX_DATA_ALIGN                   ; PORT_USED           ; Untyped                                              ;
; INPUT_DATA_RATE                      ; 800                 ; Signed Integer                                       ;
; INCLOCK_DATA_ALIGNMENT               ; EDGE_ALIGNED        ; Untyped                                              ;
; INCLOCK_PHASE_SHIFT                  ; 0                   ; Signed Integer                                       ;
; REGISTERED_DATA_ALIGN_INPUT          ; ON                  ; Untyped                                              ;
; COMMON_RX_TX_PLL                     ; OFF                 ; Untyped                                              ;
; ENABLE_DPA_MODE                      ; OFF                 ; Untyped                                              ;
; ENABLE_DPA_FIFO                      ; ON                  ; Untyped                                              ;
; USE_DPLL_RAWPERROR                   ; OFF                 ; Untyped                                              ;
; USE_CORECLOCK_INPUT                  ; OFF                 ; Untyped                                              ;
; DPLL_LOCK_COUNT                      ; 0                   ; Signed Integer                                       ;
; DPLL_LOCK_WINDOW                     ; 0                   ; Signed Integer                                       ;
; OUTCLOCK_RESOURCE                    ; AUTO                ; Untyped                                              ;
; RX_ALIGN_DATA_REG                    ; RISING_EDGE         ; Untyped                                              ;
; DATA_ALIGN_ROLLOVER                  ; 4                   ; Signed Integer                                       ;
; LOSE_LOCK_ON_ONE_CHANGE              ; OFF                 ; Untyped                                              ;
; RESET_FIFO_AT_FIRST_LOCK             ; ON                  ; Untyped                                              ;
; USE_EXTERNAL_PLL                     ; OFF                 ; Untyped                                              ;
; IMPLEMENT_IN_LES                     ; ON                  ; Untyped                                              ;
; BUFFER_IMPLEMENTATION                ; RAM                 ; Untyped                                              ;
; DPA_INITIAL_PHASE_VALUE              ; 0                   ; Signed Integer                                       ;
; ENABLE_DPA_ALIGN_TO_RISING_EDGE_ONLY ; OFF                 ; Untyped                                              ;
; ENABLE_DPA_INITIAL_PHASE_SELECTION   ; OFF                 ; Untyped                                              ;
; ENABLE_SOFT_CDR_MODE                 ; OFF                 ; Untyped                                              ;
; PLL_OPERATION_MODE                   ; NORMAL              ; Untyped                                              ;
; SIM_DPA_IS_NEGATIVE_PPM_DRIFT        ; OFF                 ; Untyped                                              ;
; SIM_DPA_NET_PPM_VARIATION            ; 0                   ; Signed Integer                                       ;
; SIM_DPA_OUTPUT_CLOCK_PHASE_SHIFT     ; 0                   ; Signed Integer                                       ;
; USE_NO_PHASE_SHIFT                   ; ON                  ; Untyped                                              ;
; PORT_RX_CHANNEL_DATA_ALIGN           ; PORT_UNUSED         ; Untyped                                              ;
; PLL_SELF_RESET_ON_LOSS_LOCK          ; OFF                 ; Untyped                                              ;
; X_ON_BITSLIP                         ; ON                  ; Untyped                                              ;
; ENABLE_DPA_PLL_CALIBRATION           ; OFF                 ; Untyped                                              ;
; CBXI_PARAMETER                       ; altlvds_rx0_lvds_rx ; Untyped                                              ;
+--------------------------------------+---------------------+------------------------------------------------------+
Note: In order to hide this table in the UI and the text report file, please set the "Show Parameter Settings in Synthesis Report" option in "Analysis and Synthesis Settings -> More Settings" to "Off".


+-------------------------------+
; Elapsed Time Per Partition    ;
+----------------+--------------+
; Partition Name ; Elapsed Time ;
+----------------+--------------+
; Top            ; 00:00:01     ;
+----------------+--------------+


+-------------------------------+
; Analysis & Synthesis Messages ;
+-------------------------------+
Info: *******************************************************************
Info: Running Quartus II 64-Bit Analysis & Synthesis
    Info: Version 13.0.1 Build 232 06/12/2013 Service Pack 1 SJ Full Version
    Info: Processing started: Tue May 31 14:27:27 2016
Info: Command: quartus_map --read_settings_files=on --write_settings_files=off de2_cyclone2 -c de2_cyclone2
Info (20030): Parallel compilation is enabled and will use 2 of the 2 processors detected
Info (12021): Found 1 design units, including 1 entities, in source file tb_lvds_decoder.bdf
    Info (12023): Found entity 1: tb_lvds_decoder
Info (12021): Found 2 design units, including 1 entities, in source file /users/innovlab/workspace/eyesat_cmos_image_sensor/fpga_program/src/design/lvds_in_map.vhd
    Info (12022): Found design unit 1: lvds_in_map-lvds_in_map_a
    Info (12023): Found entity 1: lvds_in_map
Info (12021): Found 1 design units, including 1 entities, in source file lvds_decoder.bdf
    Info (12023): Found entity 1: lvds_decoder
Info (12021): Found 1 design units, including 1 entities, in source file de2_cyclone2.bdf
    Info (12023): Found entity 1: de2_cyclone2
Info (12021): Found 2 design units, including 1 entities, in source file /users/innovlab/workspace/eyesat_cmos_image_sensor/fpga_program/src/design/lvds_out_map.vhd
    Info (12022): Found design unit 1: lvds_out_map-lvds_out_map_a
    Info (12023): Found entity 1: lvds_out_map
Info (12021): Found 2 design units, including 1 entities, in source file altlvds_rx0/altlvds_rx0.vhd
    Info (12022): Found design unit 1: altlvds_rx0-SYN
    Info (12023): Found entity 1: altlvds_rx0
Info (12127): Elaborating entity "tb_lvds_decoder" for the top level hierarchy
Info (12128): Elaborating entity "lvds_decoder" for hierarchy "lvds_decoder:inst"
Info (12128): Elaborating entity "altlvds_rx0" for hierarchy "lvds_decoder:inst|altlvds_rx0:inst_1"
Info (12128): Elaborating entity "altlvds_rx" for hierarchy "lvds_decoder:inst|altlvds_rx0:inst_1|altlvds_rx:ALTLVDS_RX_component"
Info (12130): Elaborated megafunction instantiation "lvds_decoder:inst|altlvds_rx0:inst_1|altlvds_rx:ALTLVDS_RX_component"
Info (12133): Instantiated megafunction "lvds_decoder:inst|altlvds_rx0:inst_1|altlvds_rx:ALTLVDS_RX_component" with the following parameter:
    Info (12134): Parameter "buffer_implementation" = "RAM"
    Info (12134): Parameter "cds_mode" = "UNUSED"
    Info (12134): Parameter "common_rx_tx_pll" = "OFF"
    Info (12134): Parameter "data_align_rollover" = "4"
    Info (12134): Parameter "data_rate" = "800.0 Mbps"
    Info (12134): Parameter "deserialization_factor" = "10"
    Info (12134): Parameter "dpa_initial_phase_value" = "0"
    Info (12134): Parameter "dpll_lock_count" = "0"
    Info (12134): Parameter "dpll_lock_window" = "0"
    Info (12134): Parameter "enable_clock_pin_mode" = "UNUSED"
    Info (12134): Parameter "enable_dpa_align_to_rising_edge_only" = "OFF"
    Info (12134): Parameter "enable_dpa_calibration" = "ON"
    Info (12134): Parameter "enable_dpa_fifo" = "UNUSED"
    Info (12134): Parameter "enable_dpa_initial_phase_selection" = "OFF"
    Info (12134): Parameter "enable_dpa_mode" = "OFF"
    Info (12134): Parameter "enable_dpa_pll_calibration" = "OFF"
    Info (12134): Parameter "enable_soft_cdr_mode" = "OFF"
    Info (12134): Parameter "implement_in_les" = "ON"
    Info (12134): Parameter "inclock_boost" = "0"
    Info (12134): Parameter "inclock_data_alignment" = "EDGE_ALIGNED"
    Info (12134): Parameter "inclock_period" = "10000"
    Info (12134): Parameter "inclock_phase_shift" = "0"
    Info (12134): Parameter "input_data_rate" = "800"
    Info (12134): Parameter "intended_device_family" = "Cyclone II"
    Info (12134): Parameter "lose_lock_on_one_change" = "UNUSED"
    Info (12134): Parameter "lpm_hint" = "CBX_MODULE_PREFIX=altlvds_rx0"
    Info (12134): Parameter "lpm_type" = "altlvds_rx"
    Info (12134): Parameter "number_of_channels" = "17"
    Info (12134): Parameter "outclock_resource" = "AUTO"
    Info (12134): Parameter "pll_operation_mode" = "NORMAL"
    Info (12134): Parameter "pll_self_reset_on_loss_lock" = "UNUSED"
    Info (12134): Parameter "port_rx_channel_data_align" = "PORT_UNUSED"
    Info (12134): Parameter "port_rx_data_align" = "PORT_USED"
    Info (12134): Parameter "refclk_frequency" = "UNUSED"
    Info (12134): Parameter "registered_data_align_input" = "UNUSED"
    Info (12134): Parameter "registered_output" = "ON"
    Info (12134): Parameter "reset_fifo_at_first_lock" = "UNUSED"
    Info (12134): Parameter "rx_align_data_reg" = "UNUSED"
    Info (12134): Parameter "sim_dpa_is_negative_ppm_drift" = "OFF"
    Info (12134): Parameter "sim_dpa_net_ppm_variation" = "0"
    Info (12134): Parameter "sim_dpa_output_clock_phase_shift" = "0"
    Info (12134): Parameter "use_coreclock_input" = "OFF"
    Info (12134): Parameter "use_dpll_rawperror" = "OFF"
    Info (12134): Parameter "use_external_pll" = "OFF"
    Info (12134): Parameter "use_no_phase_shift" = "ON"
    Info (12134): Parameter "x_on_bitslip" = "ON"
    Info (12134): Parameter "clk_src_is_pll" = "off"
Info (12021): Found 5 design units, including 5 entities, in source file db/altlvds_rx0_lvds_rx.v
    Info (12023): Found entity 1: altlvds_rx0_dffpipe
    Info (12023): Found entity 2: altlvds_rx0_cmpr
    Info (12023): Found entity 3: altlvds_rx0_cntr
    Info (12023): Found entity 4: altlvds_rx0_mux
    Info (12023): Found entity 5: altlvds_rx0_lvds_rx
Info (12128): Elaborating entity "altlvds_rx0_lvds_rx" for hierarchy "lvds_decoder:inst|altlvds_rx0:inst_1|altlvds_rx:ALTLVDS_RX_component|altlvds_rx0_lvds_rx:auto_generated"
Info (12128): Elaborating entity "altlvds_rx0_dffpipe" for hierarchy "lvds_decoder:inst|altlvds_rx0:inst_1|altlvds_rx:ALTLVDS_RX_component|altlvds_rx0_lvds_rx:auto_generated|altlvds_rx0_dffpipe:h_dffpipe"
Info (12128): Elaborating entity "altlvds_rx0_cntr" for hierarchy "lvds_decoder:inst|altlvds_rx0:inst_1|altlvds_rx:ALTLVDS_RX_component|altlvds_rx0_lvds_rx:auto_generated|altlvds_rx0_cntr:bitslip_cntr"
Info (12128): Elaborating entity "altlvds_rx0_cmpr" for hierarchy "lvds_decoder:inst|altlvds_rx0:inst_1|altlvds_rx:ALTLVDS_RX_component|altlvds_rx0_lvds_rx:auto_generated|altlvds_rx0_cntr:bitslip_cntr|altlvds_rx0_cmpr:cmpr106"
Info (12128): Elaborating entity "altlvds_rx0_mux" for hierarchy "lvds_decoder:inst|altlvds_rx0:inst_1|altlvds_rx:ALTLVDS_RX_component|altlvds_rx0_lvds_rx:auto_generated|altlvds_rx0_mux:h_mux101a"
Info (12128): Elaborating entity "lvds_out_map" for hierarchy "lvds_decoder:inst|lvds_out_map:inst"
Info (12128): Elaborating entity "lvds_in_map" for hierarchy "lvds_decoder:inst|lvds_in_map:inst_0"
Info (16010): Generating hard_block partition "hard_block:auto_generated_inst"
    Info (16011): Adding 1 node(s), including 0 DDIO, 1 PLL, 0 transceiver and 0 LCELL
Info (21057): Implemented 1022 device resources after synthesis - the final resource count might be different
    Info (21058): Implemented 36 input pins
    Info (21059): Implemented 171 output pins
    Info (21061): Implemented 814 logic cells
    Info (21065): Implemented 1 PLLs
Info: Quartus II 64-Bit Analysis & Synthesis was successful. 0 errors, 5 warnings
    Info: Peak virtual memory: 527 megabytes
    Info: Processing ended: Tue May 31 14:28:00 2016
    Info: Elapsed time: 00:00:33
    Info: Total CPU time (on all processors): 00:00:05


