EDA Netlist Writer report for de2_cyclone2
Tue May 31 14:30:59 2016
Quartus II 64-Bit Version 13.0.1 Build 232 06/12/2013 Service Pack 1 SJ Full Version


---------------------
; Table of Contents ;
---------------------
  1. Legal Notice
  2. EDA Netlist Writer Summary
  3. EDA Netlist Writer Messages



----------------
; Legal Notice ;
----------------
Copyright (C) 1991-2013 Altera Corporation
Your use of Altera Corporation's design tools, logic functions 
and other software and tools, and its AMPP partner logic 
functions, and any output files from any of the foregoing 
(including device programming or simulation files), and any 
associated documentation or information are expressly subject 
to the terms and conditions of the Altera Program License 
Subscription Agreement, Altera MegaCore Function License 
Agreement, or other applicable license agreement, including, 
without limitation, that your use is for the sole purpose of 
programming logic devices manufactured by Altera and sold by 
Altera or its authorized distributors.  Please refer to the 
applicable agreement for further details.



+-------------------------------------------------------------------+
; EDA Netlist Writer Summary                                        ;
+---------------------------+---------------------------------------+
; EDA Netlist Writer Status ; Successful - Tue May 31 14:30:59 2016 ;
; Revision Name             ; de2_cyclone2                          ;
; Top-level Entity Name     ; tb_lvds_decoder                       ;
; Family                    ; Cyclone II                            ;
+---------------------------+---------------------------------------+


+-----------------------------+
; EDA Netlist Writer Messages ;
+-----------------------------+
Info: *******************************************************************
Info: Running Quartus II 64-Bit EDA Netlist Writer
    Info: Version 13.0.1 Build 232 06/12/2013 Service Pack 1 SJ Full Version
    Info: Processing started: Tue May 31 14:30:31 2016
Info: Command: quartus_eda --read_settings_files=on --write_settings_files=off de2_cyclone2 -c de2_cyclone2 --gen_testbench
Info (201002): Generated VHDL Test Bench File C:/Users/innovlab/workspace/EyeSat_CMOS_Image_Sensor/FPGA_Program/simulation/tb_lvds_decoder.vht for simulation
Info: Quartus II 64-Bit EDA Netlist Writer was successful. 0 errors, 5 warnings
    Info: Peak virtual memory: 394 megabytes
    Info: Processing ended: Tue May 31 14:30:59 2016
    Info: Elapsed time: 00:00:28
    Info: Total CPU time (on all processors): 00:00:01


