Flow report for DE4_530_D5M_DVI
Wed Feb 19 14:25:27 2014
Quartus II 64-Bit Version 13.0.1 Build 232 06/12/2013 Service Pack 1 SJ Full Version


---------------------
; Table of Contents ;
---------------------
  1. Legal Notice
  2. Flow Summary
  3. Flow Settings
  4. Flow Non-Default Global Settings
  5. Flow Elapsed Time
  6. Flow OS Summary
  7. Flow Log
  8. Flow Messages
  9. Flow Suppressed Messages



----------------
; Legal Notice ;
----------------
Copyright (C) 1991-2013 Altera Corporation
Your use of Altera Corporation's design tools, logic functions 
and other software and tools, and its AMPP partner logic 
functions, and any output files from any of the foregoing 
(including device programming or simulation files), and any 
associated documentation or information are expressly subject 
to the terms and conditions of the Altera Program License 
Subscription Agreement, Altera MegaCore Function License 
Agreement, or other applicable license agreement, including, 
without limitation, that your use is for the sole purpose of 
programming logic devices manufactured by Altera and sold by 
Altera or its authorized distributors.  Please refer to the 
applicable agreement for further details.



+--------------------------------------------------------------------------------------+
; Flow Summary                                                                         ;
+-----------------------------------+--------------------------------------------------+
; Flow Status                       ; Successful - Wed Feb 19 14:24:57 2014            ;
; Quartus II 64-Bit Version         ; 13.0.1 Build 232 06/12/2013 SP 1 SJ Full Version ;
; Revision Name                     ; DE4_530_D5M_DVI                                  ;
; Top-level Entity Name             ; DE4_530_D5M_DVI                                  ;
; Family                            ; Stratix IV                                       ;
; Device                            ; EP4SGX530KH40C2                                  ;
; Timing Models                     ; Final                                            ;
; Logic utilization                 ; 2 %                                              ;
;     Combinational ALUTs           ; 6,537 / 424,960 ( 2 % )                          ;
;     Memory ALUTs                  ; 712 / 212,480 ( < 1 % )                          ;
;     Dedicated logic registers     ; 5,269 / 424,960 ( 1 % )                          ;
; Total registers                   ; 5701                                             ;
; Total pins                        ; 449 / 888 ( 51 % )                               ;
; Total virtual pins                ; 0                                                ;
; Total block memory bits           ; 149,900 / 21,233,664 ( < 1 % )                   ;
; DSP block 18-bit elements         ; 0 / 1,024 ( 0 % )                                ;
; Total GXB Receiver Channel PCS    ; 0 / 24 ( 0 % )                                   ;
; Total GXB Receiver Channel PMA    ; 0 / 36 ( 0 % )                                   ;
; Total GXB Transmitter Channel PCS ; 0 / 24 ( 0 % )                                   ;
; Total GXB Transmitter Channel PMA ; 0 / 36 ( 0 % )                                   ;
; Total PLLs                        ; 3 / 8 ( 38 % )                                   ;
; Total DLLs                        ; 1 / 4 ( 25 % )                                   ;
+-----------------------------------+--------------------------------------------------+


+-----------------------------------------+
; Flow Settings                           ;
+-------------------+---------------------+
; Option            ; Setting             ;
+-------------------+---------------------+
; Start date & time ; 02/19/2014 14:17:04 ;
; Main task         ; Compilation         ;
; Revision Name     ; DE4_530_D5M_DVI     ;
+-------------------+---------------------+


+----------------------------------------------------------------------------------------------------------------------------------------------------------------------------+
; Flow Non-Default Global Settings                                                                                                                                           ;
+-------------------------------------+-------------------------------------------------------------------------------------------+---------------+-------------+------------+
; Assignment Name                     ; Value                                                                                     ; Default Value ; Entity Name ; Section Id ;
+-------------------------------------+-------------------------------------------------------------------------------------------+---------------+-------------+------------+
; COMPILER_SIGNATURE_ID               ; 154659665576365.139279062404576                                                           ; --            ; --          ; --         ;
; ENABLE_SIGNALTAP                    ; Off                                                                                       ; --            ; --          ; --         ;
; IP_TOOL_NAME                        ; Shift register (RAM-based)                                                                ; --            ; --          ; --         ;
; IP_TOOL_VERSION                     ; 9.1                                                                                       ; --            ; --          ; --         ;
; MAX_CORE_JUNCTION_TEMP              ; 85                                                                                        ; --            ; --          ; --         ;
; MIN_CORE_JUNCTION_TEMP              ; 0                                                                                         ; --            ; --          ; --         ;
; MISC_FILE                           ; D:/Home/User/Desktop/current_work/DE4/CodeGenerated/DE4/DE4_530_CAMERA/DE4_530_CAMERA.dpf ; --            ; --          ; --         ;
; MISC_FILE                           ; Line_Buffer1.bsf                                                                          ; --            ; --          ; --         ;
; MISC_FILE                           ; E:/D5M/cd/Demonstration/DE4_530_D5M_DVI/DE4_530_D5M_DVI.dpf                               ; --            ; --          ; --         ;
; PARTITION_COLOR                     ; 16764057                                                                                  ; --            ; --          ; Top        ;
; PARTITION_FITTER_PRESERVATION_LEVEL ; PLACEMENT_AND_ROUTING                                                                     ; --            ; --          ; Top        ;
; PARTITION_NETLIST_TYPE              ; SOURCE                                                                                    ; --            ; --          ; Top        ;
; POWER_BOARD_THERMAL_MODEL           ; None (CONSERVATIVE)                                                                       ; --            ; --          ; --         ;
; POWER_PRESET_COOLING_SOLUTION       ; 23 MM HEAT SINK WITH 200 LFPM AIRFLOW                                                     ; --            ; --          ; --         ;
; SOPC_BUILDER_SIGNATURE_ID           ; E0cb4ec7f44600000129e86691d7                                                              ; --            ; --          ; --         ;
; USE_SIGNALTAP_FILE                  ; stp1.stp                                                                                  ; --            ; --          ; --         ;
+-------------------------------------+-------------------------------------------------------------------------------------------+---------------+-------------+------------+


+-------------------------------------------------------------------------------------------------------------------------------+
; Flow Elapsed Time                                                                                                             ;
+---------------------------+--------------+-------------------------+---------------------+------------------------------------+
; Module Name               ; Elapsed Time ; Average Processors Used ; Peak Virtual Memory ; Total CPU Time (on all processors) ;
+---------------------------+--------------+-------------------------+---------------------+------------------------------------+
; Analysis & Synthesis      ; 00:01:52     ; 1.0                     ; 855 MB              ; 00:01:27                           ;
; Fitter                    ; 00:04:44     ; 1.4                     ; 2005 MB             ; 00:05:40                           ;
; Assembler                 ; 00:00:56     ; 1.0                     ; 1011 MB             ; 00:00:52                           ;
; TimeQuest Timing Analyzer ; 00:00:25     ; 1.1                     ; 999 MB              ; 00:00:26                           ;
; Total                     ; 00:07:57     ; --                      ; --                  ; 00:08:25                           ;
+---------------------------+--------------+-------------------------+---------------------+------------------------------------+


+----------------------------------------------------------------------------------------+
; Flow OS Summary                                                                        ;
+---------------------------+------------------+-----------+------------+----------------+
; Module Name               ; Machine Hostname ; OS Name   ; OS Version ; Processor type ;
+---------------------------+------------------+-----------+------------+----------------+
; Analysis & Synthesis      ; Johnny_NB        ; Windows 7 ; 6.1        ; x86_64         ;
; Fitter                    ; Johnny_NB        ; Windows 7 ; 6.1        ; x86_64         ;
; Assembler                 ; Johnny_NB        ; Windows 7 ; 6.1        ; x86_64         ;
; TimeQuest Timing Analyzer ; Johnny_NB        ; Windows 7 ; 6.1        ; x86_64         ;
+---------------------------+------------------+-----------+------------+----------------+


------------
; Flow Log ;
------------
quartus_map --read_settings_files=on --write_settings_files=off DE4_530_CAMERA -c DE4_530_D5M_DVI
quartus_fit --read_settings_files=off --write_settings_files=off DE4_530_CAMERA -c DE4_530_D5M_DVI
quartus_asm --read_settings_files=off --write_settings_files=off DE4_530_CAMERA -c DE4_530_D5M_DVI
quartus_sta DE4_530_CAMERA -c DE4_530_D5M_DVI



